Build started 10-Nov-16 07:50:31 PM.
     1>Project "D:\University\Втори курс\СДА учебници\Homeworks\ReversePolishNotation\ReversePolishNotation\ReversePolishNotation.vcxproj" on node 2 (Build target(s)).
     1>ClCompile:
         C:\Program Files (x86)\Microsoft Visual Studio 12.0\VC\bin\CL.exe /c /ZI /nologo /W3 /WX- /sdl /Od /Oy- /D WIN32 /D _DEBUG /D _CONSOLE /D _LIB /D _UNICODE /D UNICODE /Gm /EHsc /RTC1 /MDd /GS /fp:precise /Zc:wchar_t /Zc:forScope /Yu"stdafx.h" /Fp"Debug\ReversePolishNotation.pch" /Fo"Debug\\" /Fd"Debug\vc120.pdb" /Gd /TP /analyze- /errorReport:prompt ReversePolishNotation.cpp
         ReversePolishNotation.cpp
     1>d:\university\втори курс\сда учебници\homeworks\reversepolishnotation\reversepolishnotation\reversepolishnotation.cpp(39): warning C4018: '<=' : signed/unsigned mismatch
     1>d:\university\втори курс\сда учебници\homeworks\reversepolishnotation\reversepolishnotation\reversepolishnotation.cpp(92): warning C4018: '<' : signed/unsigned mismatch
     1>d:\university\втори курс\сда учебници\homeworks\reversepolishnotation\reversepolishnotation\reversepolishnotation.cpp(133): warning C4018: '<' : signed/unsigned mismatch
     1>d:\university\втори курс\сда учебници\homeworks\reversepolishnotation\reversepolishnotation\reversepolishnotation.cpp(145): warning C4244: 'argument' : conversion from 'double' to 'int', possible loss of data
     1>d:\university\втори курс\сда учебници\homeworks\reversepolishnotation\reversepolishnotation\reversepolishnotation.cpp(158): warning C4244: 'argument' : conversion from 'double' to 'int', possible loss of data
     1>d:\university\втори курс\сда учебници\homeworks\reversepolishnotation\reversepolishnotation\reversepolishnotation.cpp(182): warning C4244: 'initializing' : conversion from 'double' to 'int', possible loss of data
     1>d:\university\втори курс\сда учебници\homeworks\reversepolishnotation\reversepolishnotation\reversepolishnotation.cpp(183): warning C4244: 'initializing' : conversion from 'double' to 'int', possible loss of data
     1>d:\university\втори курс\сда учебници\homeworks\reversepolishnotation\reversepolishnotation\reversepolishnotation.cpp(184): warning C4244: 'initializing' : conversion from 'double' to 'int', possible loss of data
     1>d:\university\втори курс\сда учебници\homeworks\reversepolishnotation\reversepolishnotation\reversepolishnotation.cpp(193): warning C4244: 'argument' : conversion from 'double' to 'int', possible loss of data
     1>d:\university\втори курс\сда учебници\homeworks\reversepolishnotation\reversepolishnotation\reversepolishnotation.cpp(197): warning C4244: 'argument' : conversion from 'double' to 'int', possible loss of data
     1>d:\university\втори курс\сда учебници\homeworks\reversepolishnotation\reversepolishnotation\reversepolishnotation.cpp(214): warning C4018: '<' : signed/unsigned mismatch
     1>d:\university\втори курс\сда учебници\homeworks\reversepolishnotation\reversepolishnotation\reversepolishnotation.cpp(99): warning C4715: 'FindOperation' : not all control paths return a value
     1>d:\university\втори курс\сда учебници\homeworks\reversepolishnotation\reversepolishnotation\reversepolishnotation.cpp(127): warning C4715: 'Calculate' : not all control paths return a value
       Link:
         C:\Program Files (x86)\Microsoft Visual Studio 12.0\VC\bin\link.exe /ERRORREPORT:PROMPT /OUT:"D:\University\Втори курс\СДА учебници\Homeworks\ReversePolishNotation\Debug\ReversePolishNotation.exe" /INCREMENTAL /NOLOGO kernel32.lib user32.lib gdi32.lib winspool.lib comdlg32.lib advapi32.lib shell32.lib ole32.lib oleaut32.lib uuid.lib odbc32.lib odbccp32.lib /MANIFEST /MANIFESTUAC:"level='asInvoker' uiAccess='false'" /manifest:embed /DEBUG /PDB:"D:\University\Втори курс\СДА учебници\Homeworks\ReversePolishNotation\Debug\ReversePolishNotation.pdb" /SUBSYSTEM:CONSOLE /TLBID:1 /DYNAMICBASE /NXCOMPAT /IMPLIB:"D:\University\Втори курс\СДА учебници\Homeworks\ReversePolishNotation\Debug\ReversePolishNotation.lib" /MACHINE:X86 Debug\DynamicArray.obj
         Debug\Operator.obj
         Debug\ReversePolishNotation.obj
         Debug\Stack.obj
         Debug\stdafx.obj
         ReversePolishNotation.vcxproj -> D:\University\Втори курс\СДА учебници\Homeworks\ReversePolishNotation\Debug\ReversePolishNotation.exe
     1>Done Building Project "D:\University\Втори курс\СДА учебници\Homeworks\ReversePolishNotation\ReversePolishNotation\ReversePolishNotation.vcxproj" (Build target(s)).

Build succeeded.

Time Elapsed 00:00:02.48
